<?xml version="1.0" encoding="UTF-8"?>
<!-- Generated by org.testng.reporters.JUnitXMLReporter -->
<testsuite hostname="HP" ignored="2" name="Test2" tests="4" failures="0" timestamp="10 Jan 2019 09:20:30 GMT" time="67.153" errors="0">
  <testcase name="createCustomer" time="9.925" classname="com.ActiTime.scripts.TaskTest"/>
  <testcase name="createProject" time="9.91" classname="com.ActiTime.scripts.TaskTest"/>
  <testcase name="createTask" time="10.127" classname="com.ActiTime.scripts.TaskTest"/>
  <testcase name="deleteTask" time="8.471" classname="com.ActiTime.scripts.TaskTest"/>
  <testcase name="deleteCustomer" time="0.0" classname="com.ActiTime.scripts.TaskTest">
    <ignored/>
  </testcase> <!-- deleteCustomer -->
  <testcase name="deleteProject" time="0.0" classname="com.ActiTime.scripts.TaskTest">
    <ignored/>
  </testcase> <!-- deleteProject -->
</testsuite> <!-- Test2 -->
