<?xml version="1.0" encoding="UTF-8"?>
<!-- Generated by org.testng.reporters.JUnitXMLReporter -->
<testsuite hostname="HP" ignored="3" name="Test1" tests="3" failures="0" timestamp="15 Jan 2019 12:50:03 GMT" time="54.663" errors="0">
  <testcase name="createCustomer" time="6.408" classname="com.ActiTime.scripts.TaskTest"/>
  <testcase name="createProject" time="14.696" classname="com.ActiTime.scripts.TaskTest"/>
  <testcase name="createTask" time="15.804" classname="com.ActiTime.scripts.TaskTest"/>
  <testcase name="deleteCustomer" time="0.0" classname="com.ActiTime.scripts.TaskTest">
    <ignored/>
  </testcase> <!-- deleteCustomer -->
  <testcase name="deleteTask" time="0.0" classname="com.ActiTime.scripts.TaskTest">
    <ignored/>
  </testcase> <!-- deleteTask -->
  <testcase name="deleteProject" time="0.0" classname="com.ActiTime.scripts.TaskTest">
    <ignored/>
  </testcase> <!-- deleteProject -->
</testsuite> <!-- Test1 -->
