<?xml version="1.0" encoding="UTF-8"?>
<testsuite xmlns:xsi="http://www.w3.org/2001/XMLSchema-instance" xsi:noNamespaceSchemaLocation="https://maven.apache.org/surefire/maven-surefire-plugin/xsd/surefire-test-report-3.0.xsd" version="3.0" name="TestSuite" time="80.265" tests="5" errors="0" skipped="0" failures="0">
  <properties>
[...]
</properties>
  <testcase name="validLogin" classname="com.ActiTime.scripts.LoginTest" time="5.205"/>
  <testcase name="invalidLogin" classname="com.ActiTime.scripts.LoginTest" time="1.684"/>
  <testcase name="createCustomer" classname="com.ActiTime.scripts.TaskTest" time="6.409"/>
  <testcase name="createProject" classname="com.ActiTime.scripts.TaskTest" time="14.696"/>
  <testcase name="createTask" classname="com.ActiTime.scripts.TaskTest" time="15.804"/>
</testsuite>